<testsuite name="order_data_quality.Order table data quality" tests="5" errors="0" failures="5" skipped="0" time="0.128534" timestamp="2026-08-02T16:18:38.053262" hostname="Sujatha"><testcase classname="order_data_quality.Order table data quality" name="Order primary key is unique and never null" status="failed" time="0.024188"><failure type="AssertionError" message="Expected raw.orders to contain rows before validating it, found 0. Did you run scripts/load_data.py?">
<![CDATA[
Failing step: Given the "orders" table is loaded from "raw.orders" ... failed in 0.024s
Location: features/order_data_quality.feature:7
Assertion Failed: Expected raw.orders to contain rows before validating it, found 0. Did you run scripts/load_data.py?]]>
</failure><system-out>
<![CDATA[
@scenario.begin

  @great_expectations @critical
  Scenario: Order primary key is unique and never null
    Given the "orders" table is loaded from "raw.orders" ... failed in 0.024s
    When I run the Great Expectations checkpoint "orders_checkpoint" ... skipped in 0.000s
    Then the expectation "expect_column_values_to_be_unique" on column "order_id" should pass ... skipped in 0.000s
    And the expectation "expect_column_values_to_not_be_null" on column "order_id" should pass ... skipped in 0.000s

@scenario.end
--------------------------------------------------------------------------------
]]>
</system-out></testcase><testcase classname="order_data_quality.Order table data quality" name="Order amounts are never negative" status="failed" time="0.023559"><failure type="AssertionError" message="Expected raw.orders to contain rows before validating it, found 0. Did you run scripts/load_data.py?">
<![CDATA[
Failing step: Given the "orders" table is loaded from "raw.orders" ... failed in 0.024s
Location: features/order_data_quality.feature:7
Assertion Failed: Expected raw.orders to contain rows before validating it, found 0. Did you run scripts/load_data.py?]]>
</failure><system-out>
<![CDATA[
@scenario.begin

  @great_expectations @critical
  Scenario: Order amounts are never negative
    Given the "orders" table is loaded from "raw.orders" ... failed in 0.024s
    When I run the Great Expectations checkpoint "orders_checkpoint" ... skipped in 0.000s
    Then the expectation "expect_column_values_to_be_between" on column "amount" should pass ... skipped in 0.000s

@scenario.end
--------------------------------------------------------------------------------
]]>
</system-out></testcase><testcase classname="order_data_quality.Order table data quality" name="Order status is always a known lifecycle value" status="failed" time="0.033528"><failure type="AssertionError" message="Expected raw.orders to contain rows before validating it, found 0. Did you run scripts/load_data.py?">
<![CDATA[
Failing step: Given the "orders" table is loaded from "raw.orders" ... failed in 0.034s
Location: features/order_data_quality.feature:7
Assertion Failed: Expected raw.orders to contain rows before validating it, found 0. Did you run scripts/load_data.py?]]>
</failure><system-out>
<![CDATA[
@scenario.begin

  @great_expectations
  Scenario: Order status is always a known lifecycle value
    Given the "orders" table is loaded from "raw.orders" ... failed in 0.034s
    When I run the Great Expectations checkpoint "orders_checkpoint" ... skipped in 0.000s
    Then the expectation "expect_column_values_to_be_in_set" on column "status" should pass ... skipped in 0.000s

@scenario.end
--------------------------------------------------------------------------------
]]>
</system-out></testcase><testcase classname="order_data_quality.Order table data quality" name="Every order references a real customer" status="failed" time="0.02309"><failure type="AssertionError" message="Expected raw.orders to contain rows before validating it, found 0. Did you run scripts/load_data.py?">
<![CDATA[
Failing step: Given the "orders" table is loaded from "raw.orders" ... failed in 0.023s
Location: features/order_data_quality.feature:7
Assertion Failed: Expected raw.orders to contain rows before validating it, found 0. Did you run scripts/load_data.py?]]>
</failure><system-out>
<![CDATA[
@scenario.begin

  @dbt @critical @TC-DQ-002
  Scenario: Every order references a real customer
    Given the "orders" table is loaded from "raw.orders" ... failed in 0.023s
    When I run dbt tests for model "stg_orders" ... skipped in 0.000s
    Then the dbt test "relationships" on "stg_orders.customer_id" should pass ... skipped in 0.000s

@scenario.end
--------------------------------------------------------------------------------
]]>
</system-out></testcase><testcase classname="order_data_quality.Order table data quality" name="dbt enforces order table constraints" status="failed" time="0.024168"><failure type="AssertionError" message="Expected raw.orders to contain rows before validating it, found 0. Did you run scripts/load_data.py?">
<![CDATA[
Failing step: Given the "orders" table is loaded from "raw.orders" ... failed in 0.024s
Location: features/order_data_quality.feature:7
Assertion Failed: Expected raw.orders to contain rows before validating it, found 0. Did you run scripts/load_data.py?]]>
</failure><system-out>
<![CDATA[
@scenario.begin

  @dbt
  Scenario: dbt enforces order table constraints
    Given the "orders" table is loaded from "raw.orders" ... failed in 0.024s
    When I run dbt tests for model "stg_orders" ... skipped in 0.000s
    Then all dbt tests for "stg_orders" should pass ... skipped in 0.000s

@scenario.end
--------------------------------------------------------------------------------
]]>
</system-out></testcase></testsuite>