<testsuite name="customer_data_quality.Customer table data quality" tests="4" errors="0" failures="4" skipped="0" time="0.136656" timestamp="2026-08-02T16:18:37.903736" hostname="Sujatha"><testcase classname="customer_data_quality.Customer table data quality" name="Customer primary key is unique and never null" status="failed" time="0.033339"><failure type="AssertionError" message="Expected raw.customers to contain rows before validating it, found 0. Did you run scripts/load_data.py?">
<![CDATA[
Failing step: Given the "customers" table is loaded from "raw.customers" ... failed in 0.033s
Location: features/customer_data_quality.feature:7
Assertion Failed: Expected raw.customers to contain rows before validating it, found 0. Did you run scripts/load_data.py?]]>
</failure><system-out>
<![CDATA[
@scenario.begin

  @great_expectations @critical
  Scenario: Customer primary key is unique and never null
    Given the "customers" table is loaded from "raw.customers" ... failed in 0.033s
    When I run the Great Expectations checkpoint "customers_checkpoint" ... skipped in 0.000s
    Then the expectation "expect_column_values_to_be_unique" on column "customer_id" should pass ... skipped in 0.000s
    And the expectation "expect_column_values_to_not_be_null" on column "customer_id" should pass ... skipped in 0.000s

@scenario.end
--------------------------------------------------------------------------------
]]>
</system-out></testcase><testcase classname="customer_data_quality.Customer table data quality" name="Customer email addresses are well-formed" status="failed" time="0.031849"><failure type="AssertionError" message="Expected raw.customers to contain rows before validating it, found 0. Did you run scripts/load_data.py?">
<![CDATA[
Failing step: Given the "customers" table is loaded from "raw.customers" ... failed in 0.032s
Location: features/customer_data_quality.feature:7
Assertion Failed: Expected raw.customers to contain rows before validating it, found 0. Did you run scripts/load_data.py?]]>
</failure><system-out>
<![CDATA[
@scenario.begin

  @great_expectations @TC-DQ-001
  Scenario: Customer email addresses are well-formed
    Given the "customers" table is loaded from "raw.customers" ... failed in 0.032s
    When I run the Great Expectations checkpoint "customers_checkpoint" ... skipped in 0.000s
    Then the expectation "expect_column_values_to_match_regex" on column "email" should pass ... skipped in 0.000s

@scenario.end
--------------------------------------------------------------------------------
]]>
</system-out></testcase><testcase classname="customer_data_quality.Customer table data quality" name="Customer country values are within the supported market list" status="failed" time="0.03112"><failure type="AssertionError" message="Expected raw.customers to contain rows before validating it, found 0. Did you run scripts/load_data.py?">
<![CDATA[
Failing step: Given the "customers" table is loaded from "raw.customers" ... failed in 0.031s
Location: features/customer_data_quality.feature:7
Assertion Failed: Expected raw.customers to contain rows before validating it, found 0. Did you run scripts/load_data.py?]]>
</failure><system-out>
<![CDATA[
@scenario.begin

  @great_expectations
  Scenario: Customer country values are within the supported market list
    Given the "customers" table is loaded from "raw.customers" ... failed in 0.031s
    When I run the Great Expectations checkpoint "customers_checkpoint" ... skipped in 0.000s
    Then the expectation "expect_column_values_to_be_in_set" on column "country" should pass ... skipped in 0.000s

@scenario.end
--------------------------------------------------------------------------------
]]>
</system-out></testcase><testcase classname="customer_data_quality.Customer table data quality" name="dbt enforces customer table constraints" status="failed" time="0.040347"><failure type="AssertionError" message="Expected raw.customers to contain rows before validating it, found 0. Did you run scripts/load_data.py?">
<![CDATA[
Failing step: Given the "customers" table is loaded from "raw.customers" ... failed in 0.040s
Location: features/customer_data_quality.feature:7
Assertion Failed: Expected raw.customers to contain rows before validating it, found 0. Did you run scripts/load_data.py?]]>
</failure><system-out>
<![CDATA[
@scenario.begin

  @dbt @critical
  Scenario: dbt enforces customer table constraints
    Given the "customers" table is loaded from "raw.customers" ... failed in 0.040s
    When I run dbt tests for model "stg_customers" ... skipped in 0.000s
    Then all dbt tests for "stg_customers" should pass ... skipped in 0.000s

@scenario.end
--------------------------------------------------------------------------------
]]>
</system-out></testcase></testsuite>